Name                       Stmts   Miss  Cover   Missing
--------------------------------------------------------
lucy/__init__.py               1      0   100%
lucy/contract.py               9      1    89%   15
lucy/dispatcher.py            35     11    69%   20, 24-25, 32, 41-48
lucy/registry.py              19      1    95%   21
lucy/test_runner.py            0      0   100%
lucy/utils.py                 21      4    81%   25, 50-52
tests/test_acceptance.py       0      0   100%
tests/test_audit.py            0      0   100%
tests/test_contract.py         0      0   100%
tests/test_dispatcher.py      23      4    83%   27-31
tests/test_ollama.py           0      0   100%
tests/test_registry.py        15      0   100%
tests/test_server.py           0      0   100%
tests/test_utils.py            6      0   100%
--------------------------------------------------------
TOTAL                        129     21    84%
